<!DOCTYPE html PUBLIC "-//W3C//DTD XHTML 1.1//EN" "http://www.w3.org/TR/xhtml11/DTD/xhtml11.dtd">
<html xmlns="http://www.w3.org/1999/xhtml">
<head>
<meta http-equiv="content-type" content="text/html; charset=UTF-8"/>
<title>TestNG Report</title>
<style type="text/css">table {margin-bottom:10px;border-collapse:collapse;empty-cells:show}th,td {border:1px solid #009;padding:.25em .5em}th {vertical-align:bottom}td {vertical-align:top}table a {font-weight:bold}.stripe td {background-color: #E6EBF9}.num {text-align:right}.passedodd td {background-color: #3F3}.passedeven td {background-color: #0A0}.skippedodd td {background-color: #DDD}.skippedeven td {background-color: #CCC}.failedodd td,.attn {background-color: #F33}.failedeven td,.stripe .attn {background-color: #D00}.stacktrace {white-space:pre;font-family:monospace}.totop {font-size:85%;text-align:center;border-bottom:2px solid #000}.invisible {display:none}</style>
</head>
<body>
<table>
<tr><th>Test</th><th># Passed</th><th># Skipped</th><th># Retried</th><th># Failed</th><th>Time (ms)</th><th>Included Groups</th><th>Excluded Groups</th></tr>
<tr><th colspan="8">Customer Suite</th></tr>
<tr><td><a href="#t0">Test run 1</a></td><td class="num">1</td><td class="num attn">2</td><td class="num attn">3</td><td class="num attn">3</td><td class="num">13,884</td><td></td><td></td></tr>
</table>
<table id='summary'><thead><tr><th>Class</th><th>Method</th><th>Start</th><th>Time (ms)</th></tr></thead><tbody><tr><th colspan="4">Customer Suite</th></tr></tbody><tbody id="t0"><tr><th colspan="4">Test run 1 &#8212; failed</th></tr><tr class="failedeven"><td rowspan="3">com.personal.testcases.AddCustomerTest</td><td><a href="#m0">addMultipleCustomerTest</a></td><td rowspan="3">1623578717710</td><td rowspan="3">134</td></tr><tr class="failedeven"><td><a href="#m1">addMultipleCustomerTest</a></td></tr><tr class="failedeven"><td><a href="#m2">addMultipleCustomerTest</a></td></tr><tr><th colspan="4">Test run 1 &#8212; skipped</th></tr><tr class="skippedeven"><td rowspan="1">com.personal.testcases.CustomerLoginTest</td><td><a href="#m3">customerLoginMethod</a></td><td rowspan="1">1623578717915</td><td rowspan="1">0</td></tr><tr class="skippedodd"><td rowspan="1">com.personal.testcases.OpenAccountTest</td><td><a href="#m4">openAccountMethod</a></td><td rowspan="1">1623578717892</td><td rowspan="1">0</td></tr><tr><th colspan="4">Test run 1 &#8212; retried</th></tr><tr class="retriedeven"><td rowspan="3">com.personal.testcases.AddCustomerTest</td><td><a href="#m5">addMultipleCustomerTest</a></td><td rowspan="3">1623578712076</td><td rowspan="3">187</td></tr><tr class="retriedeven"><td><a href="#m6">addMultipleCustomerTest</a></td></tr><tr class="retriedeven"><td><a href="#m7">addMultipleCustomerTest</a></td></tr><tr><th colspan="4">Test run 1 &#8212; passed</th></tr><tr class="passedeven"><td rowspan="1">com.personal.testcases.AddCustomerTest</td><td><a href="#m8">loginAsmanagerTest</a></td><td rowspan="1">1623578710148</td><td rowspan="1">1025</td></tr></tbody>
</table>
<h2>Test run 1</h2><h3 id="m0">com.personal.testcases.AddCustomerTest#addMultipleCustomerTest</h3><table class="result"><tr class="param"><th>Parameter #1</th><th>Parameter #2</th><th>Parameter #3</th></tr><tr class="param stripe"><td>No</td><td>Cust</td><td>1332</td></tr><tr><th colspan="3">Exception</th></tr><tr><td colspan="3"><div class="stacktrace">java.lang.AssertionError: locator(lastNameLocator) [ By.cssSelector: input[placeholder=&apos;Last Name&apos;]111111 ] can&apos;t filled with value &apos;null&apos; as locator is NOT present on page.
 
 Error msg is :-   org.openqa.selenium.InvalidSelectorException: Given css selector expression &quot;input[placeholder=&apos;Last Name&apos;]111111&quot; is invalid: InvalidSelectorError: Document.querySelector: &apos;input[placeholder=&apos;Last Name&apos;]111111&apos; is not a valid selector: &quot;input[placeholder=&apos;Last Name&apos;]111111&quot;
For documentation on this error, please visit: http://seleniumhq.org/exceptions/invalid_selector_exception.html
Build info: version: &apos;3.14.0&apos;, revision: &apos;aacccce0&apos;, time: &apos;2018-08-02T20:19:58.91Z&apos;
System info: host: &apos;DESKTOP-IC0JENF&apos;, ip: &apos;172.16.18.8&apos;, os.name: &apos;Windows 10&apos;, os.arch: &apos;amd64&apos;, os.version: &apos;10.0&apos;, java.version: &apos;1.8.0_271&apos;
Driver info: org.openqa.selenium.firefox.FirefoxDriver
Capabilities {acceptInsecureCerts: true, browserName: firefox, browserVersion: 89.0, javascriptEnabled: true, moz:accessibilityChecks: false, moz:buildID: 20210527174632, moz:geckodriverVersion: 0.29.1, moz:headless: false, moz:processID: 11056, moz:profile: C:\Users\Nishant Guleri\App..., moz:shutdownTimeout: 60000, moz:useNonSpecCompliantPointerOrigin: false, moz:webdriverClick: true, pageLoadStrategy: normal, platform: WINDOWS, platformName: WINDOWS, platformVersion: 10.0, setWindowRect: true, strictFileInteractability: false, timeouts: {implicit: 0, pageLoad: 300000, script: 30000}, unhandledPromptBehavior: dismiss and notify}
Session ID: 2836c4a7-64dd-402a-9a3e-d3ad040dbfc5
*** Element info: {Using=css selector, value=input[placeholder=&apos;Last Name&apos;]111111}
	at com.personal.base.subClass.failmsg(subClass.java:246)
	at com.personal.base.subClass.locator(subClass.java:58)
	at com.personal.base.BaseClass.type(BaseClass.java:145)
	at com.personal.pages.BankManagerPage.setLastName(BankManagerPage.java:45)
	at com.personal.pages.BankManagerPage.addCustomer(BankManagerPage.java:28)
	at com.personal.testcases.AddCustomerTest.addMultipleCustomerTest(AddCustomerTest.java:36)
	at java.util.ArrayList.forEach(ArrayList.java:1259)
... Removed 28 stack frames</div></td></tr></table><p class="totop"><a href="#summary">back to summary</a></p>
<h3 id="m1">com.personal.testcases.AddCustomerTest#addMultipleCustomerTest</h3><table class="result"><tr class="param"><th>Parameter #1</th><th>Parameter #2</th><th>Parameter #3</th></tr><tr class="param stripe"><td>Sahil</td><td>Guleri</td><td>3967</td></tr><tr><th colspan="3">Exception</th></tr><tr><td colspan="3"><div class="stacktrace">java.lang.AssertionError: locator(lastNameLocator) [ By.cssSelector: input[placeholder=&apos;Last Name&apos;]111111 ] can&apos;t filled with value &apos;null&apos; as locator is NOT present on page.
 
 Error msg is :-   org.openqa.selenium.InvalidSelectorException: Given css selector expression &quot;input[placeholder=&apos;Last Name&apos;]111111&quot; is invalid: InvalidSelectorError: Document.querySelector: &apos;input[placeholder=&apos;Last Name&apos;]111111&apos; is not a valid selector: &quot;input[placeholder=&apos;Last Name&apos;]111111&quot;
For documentation on this error, please visit: http://seleniumhq.org/exceptions/invalid_selector_exception.html
Build info: version: &apos;3.14.0&apos;, revision: &apos;aacccce0&apos;, time: &apos;2018-08-02T20:19:58.91Z&apos;
System info: host: &apos;DESKTOP-IC0JENF&apos;, ip: &apos;172.16.18.8&apos;, os.name: &apos;Windows 10&apos;, os.arch: &apos;amd64&apos;, os.version: &apos;10.0&apos;, java.version: &apos;1.8.0_271&apos;
Driver info: org.openqa.selenium.firefox.FirefoxDriver
Capabilities {acceptInsecureCerts: true, browserName: firefox, browserVersion: 89.0, javascriptEnabled: true, moz:accessibilityChecks: false, moz:buildID: 20210527174632, moz:geckodriverVersion: 0.29.1, moz:headless: false, moz:processID: 11056, moz:profile: C:\Users\Nishant Guleri\App..., moz:shutdownTimeout: 60000, moz:useNonSpecCompliantPointerOrigin: false, moz:webdriverClick: true, pageLoadStrategy: normal, platform: WINDOWS, platformName: WINDOWS, platformVersion: 10.0, setWindowRect: true, strictFileInteractability: false, timeouts: {implicit: 0, pageLoad: 300000, script: 30000}, unhandledPromptBehavior: dismiss and notify}
Session ID: 2836c4a7-64dd-402a-9a3e-d3ad040dbfc5
*** Element info: {Using=css selector, value=input[placeholder=&apos;Last Name&apos;]111111}
	at com.personal.base.subClass.failmsg(subClass.java:246)
	at com.personal.base.subClass.locator(subClass.java:58)
	at com.personal.base.BaseClass.type(BaseClass.java:145)
	at com.personal.pages.BankManagerPage.setLastName(BankManagerPage.java:45)
	at com.personal.pages.BankManagerPage.addCustomer(BankManagerPage.java:28)
	at com.personal.testcases.AddCustomerTest.addMultipleCustomerTest(AddCustomerTest.java:36)
	at java.util.ArrayList.forEach(ArrayList.java:1259)
... Removed 28 stack frames</div></td></tr></table><p class="totop"><a href="#summary">back to summary</a></p>
<h3 id="m2">com.personal.testcases.AddCustomerTest#addMultipleCustomerTest</h3><table class="result"><tr class="param"><th>Parameter #1</th><th>Parameter #2</th><th>Parameter #3</th></tr><tr class="param stripe"><td>Shiv</td><td>Sahil</td><td>160014</td></tr><tr><th colspan="3">Exception</th></tr><tr><td colspan="3"><div class="stacktrace">java.lang.AssertionError: locator(lastNameLocator) [ By.cssSelector: input[placeholder=&apos;Last Name&apos;]111111 ] can&apos;t filled with value &apos;null&apos; as locator is NOT present on page.
 
 Error msg is :-   org.openqa.selenium.InvalidSelectorException: Given css selector expression &quot;input[placeholder=&apos;Last Name&apos;]111111&quot; is invalid: InvalidSelectorError: Document.querySelector: &apos;input[placeholder=&apos;Last Name&apos;]111111&apos; is not a valid selector: &quot;input[placeholder=&apos;Last Name&apos;]111111&quot;
For documentation on this error, please visit: http://seleniumhq.org/exceptions/invalid_selector_exception.html
Build info: version: &apos;3.14.0&apos;, revision: &apos;aacccce0&apos;, time: &apos;2018-08-02T20:19:58.91Z&apos;
System info: host: &apos;DESKTOP-IC0JENF&apos;, ip: &apos;172.16.18.8&apos;, os.name: &apos;Windows 10&apos;, os.arch: &apos;amd64&apos;, os.version: &apos;10.0&apos;, java.version: &apos;1.8.0_271&apos;
Driver info: org.openqa.selenium.firefox.FirefoxDriver
Capabilities {acceptInsecureCerts: true, browserName: firefox, browserVersion: 89.0, javascriptEnabled: true, moz:accessibilityChecks: false, moz:buildID: 20210527174632, moz:geckodriverVersion: 0.29.1, moz:headless: false, moz:processID: 11056, moz:profile: C:\Users\Nishant Guleri\App..., moz:shutdownTimeout: 60000, moz:useNonSpecCompliantPointerOrigin: false, moz:webdriverClick: true, pageLoadStrategy: normal, platform: WINDOWS, platformName: WINDOWS, platformVersion: 10.0, setWindowRect: true, strictFileInteractability: false, timeouts: {implicit: 0, pageLoad: 300000, script: 30000}, unhandledPromptBehavior: dismiss and notify}
Session ID: 2836c4a7-64dd-402a-9a3e-d3ad040dbfc5
*** Element info: {Using=css selector, value=input[placeholder=&apos;Last Name&apos;]111111}
	at com.personal.base.subClass.failmsg(subClass.java:246)
	at com.personal.base.subClass.locator(subClass.java:58)
	at com.personal.base.BaseClass.type(BaseClass.java:145)
	at com.personal.pages.BankManagerPage.setLastName(BankManagerPage.java:45)
	at com.personal.pages.BankManagerPage.addCustomer(BankManagerPage.java:28)
	at com.personal.testcases.AddCustomerTest.addMultipleCustomerTest(AddCustomerTest.java:36)
	at java.util.ArrayList.forEach(ArrayList.java:1259)
... Removed 28 stack frames</div></td></tr></table><p class="totop"><a href="#summary">back to summary</a></p>
<h3 id="m3">com.personal.testcases.CustomerLoginTest#customerLoginMethod</h3><table class="result"><tr><th>Exception</th></tr><tr><td><div class="stacktrace">java.lang.Throwable: Method CustomerLoginTest.customerLoginMethod()[pri:0, instance:com.personal.testcases.CustomerLoginTest@194bcebf] depends on not successfully finished methods in group &quot;CustomerLoginMethodPrerequisites&quot;
	at java.util.ArrayList.forEach(ArrayList.java:1259)
... Removed 18 stack frames</div></td></tr></table><p class="totop"><a href="#summary">back to summary</a></p>
<h3 id="m4">com.personal.testcases.OpenAccountTest#openAccountMethod</h3><table class="result"><tr><th>Exception</th></tr><tr><td><div class="stacktrace">java.lang.Throwable: Method OpenAccountTest.openAccountMethod(java.lang.String, java.lang.String)[pri:0, instance:com.personal.testcases.OpenAccountTest@3c7f66c4] depends on not successfully finished methods in group &quot;openAccountMethodPrerequisites&quot;
	at java.util.ArrayList.forEach(ArrayList.java:1259)
... Removed 18 stack frames</div></td></tr></table><p class="totop"><a href="#summary">back to summary</a></p>
<h3 id="m5">com.personal.testcases.AddCustomerTest#addMultipleCustomerTest</h3><table class="result"><tr class="param"><th>Parameter #1</th><th>Parameter #2</th><th>Parameter #3</th></tr><tr class="param stripe"><td>Shiv</td><td>Sahil</td><td>160014</td></tr><tr><th colspan="3">Exception</th></tr><tr><td colspan="3"><div class="stacktrace">java.lang.AssertionError: locator(lastNameLocator) [ By.cssSelector: input[placeholder=&apos;Last Name&apos;]111111 ] can&apos;t filled with value &apos;null&apos; as locator is NOT present on page.
 
 Error msg is :-   org.openqa.selenium.InvalidSelectorException: Given css selector expression &quot;input[placeholder=&apos;Last Name&apos;]111111&quot; is invalid: InvalidSelectorError: Document.querySelector: &apos;input[placeholder=&apos;Last Name&apos;]111111&apos; is not a valid selector: &quot;input[placeholder=&apos;Last Name&apos;]111111&quot;
For documentation on this error, please visit: http://seleniumhq.org/exceptions/invalid_selector_exception.html
Build info: version: &apos;3.14.0&apos;, revision: &apos;aacccce0&apos;, time: &apos;2018-08-02T20:19:58.91Z&apos;
System info: host: &apos;DESKTOP-IC0JENF&apos;, ip: &apos;172.16.18.8&apos;, os.name: &apos;Windows 10&apos;, os.arch: &apos;amd64&apos;, os.version: &apos;10.0&apos;, java.version: &apos;1.8.0_271&apos;
Driver info: org.openqa.selenium.firefox.FirefoxDriver
Capabilities {acceptInsecureCerts: true, browserName: firefox, browserVersion: 89.0, javascriptEnabled: true, moz:accessibilityChecks: false, moz:buildID: 20210527174632, moz:geckodriverVersion: 0.29.1, moz:headless: false, moz:processID: 11056, moz:profile: C:\Users\Nishant Guleri\App..., moz:shutdownTimeout: 60000, moz:useNonSpecCompliantPointerOrigin: false, moz:webdriverClick: true, pageLoadStrategy: normal, platform: WINDOWS, platformName: WINDOWS, platformVersion: 10.0, setWindowRect: true, strictFileInteractability: false, timeouts: {implicit: 0, pageLoad: 300000, script: 30000}, unhandledPromptBehavior: dismiss and notify}
Session ID: 2836c4a7-64dd-402a-9a3e-d3ad040dbfc5
*** Element info: {Using=css selector, value=input[placeholder=&apos;Last Name&apos;]111111}
	at com.personal.base.subClass.failmsg(subClass.java:246)
	at com.personal.base.subClass.locator(subClass.java:58)
	at com.personal.base.BaseClass.type(BaseClass.java:145)
	at com.personal.pages.BankManagerPage.setLastName(BankManagerPage.java:45)
	at com.personal.pages.BankManagerPage.addCustomer(BankManagerPage.java:28)
	at com.personal.testcases.AddCustomerTest.addMultipleCustomerTest(AddCustomerTest.java:36)
	at java.util.ArrayList.forEach(ArrayList.java:1259)
... Removed 28 stack frames</div></td></tr></table><p class="totop"><a href="#summary">back to summary</a></p>
<h3 id="m6">com.personal.testcases.AddCustomerTest#addMultipleCustomerTest</h3><table class="result"><tr class="param"><th>Parameter #1</th><th>Parameter #2</th><th>Parameter #3</th></tr><tr class="param stripe"><td>Sahil</td><td>Guleri</td><td>3967</td></tr><tr><th colspan="3">Exception</th></tr><tr><td colspan="3"><div class="stacktrace">java.lang.AssertionError: locator(lastNameLocator) [ By.cssSelector: input[placeholder=&apos;Last Name&apos;]111111 ] can&apos;t filled with value &apos;null&apos; as locator is NOT present on page.
 
 Error msg is :-   org.openqa.selenium.InvalidSelectorException: Given css selector expression &quot;input[placeholder=&apos;Last Name&apos;]111111&quot; is invalid: InvalidSelectorError: Document.querySelector: &apos;input[placeholder=&apos;Last Name&apos;]111111&apos; is not a valid selector: &quot;input[placeholder=&apos;Last Name&apos;]111111&quot;
For documentation on this error, please visit: http://seleniumhq.org/exceptions/invalid_selector_exception.html
Build info: version: &apos;3.14.0&apos;, revision: &apos;aacccce0&apos;, time: &apos;2018-08-02T20:19:58.91Z&apos;
System info: host: &apos;DESKTOP-IC0JENF&apos;, ip: &apos;172.16.18.8&apos;, os.name: &apos;Windows 10&apos;, os.arch: &apos;amd64&apos;, os.version: &apos;10.0&apos;, java.version: &apos;1.8.0_271&apos;
Driver info: org.openqa.selenium.firefox.FirefoxDriver
Capabilities {acceptInsecureCerts: true, browserName: firefox, browserVersion: 89.0, javascriptEnabled: true, moz:accessibilityChecks: false, moz:buildID: 20210527174632, moz:geckodriverVersion: 0.29.1, moz:headless: false, moz:processID: 11056, moz:profile: C:\Users\Nishant Guleri\App..., moz:shutdownTimeout: 60000, moz:useNonSpecCompliantPointerOrigin: false, moz:webdriverClick: true, pageLoadStrategy: normal, platform: WINDOWS, platformName: WINDOWS, platformVersion: 10.0, setWindowRect: true, strictFileInteractability: false, timeouts: {implicit: 0, pageLoad: 300000, script: 30000}, unhandledPromptBehavior: dismiss and notify}
Session ID: 2836c4a7-64dd-402a-9a3e-d3ad040dbfc5
*** Element info: {Using=css selector, value=input[placeholder=&apos;Last Name&apos;]111111}
	at com.personal.base.subClass.failmsg(subClass.java:246)
	at com.personal.base.subClass.locator(subClass.java:58)
	at com.personal.base.BaseClass.type(BaseClass.java:145)
	at com.personal.pages.BankManagerPage.setLastName(BankManagerPage.java:45)
	at com.personal.pages.BankManagerPage.addCustomer(BankManagerPage.java:28)
	at com.personal.testcases.AddCustomerTest.addMultipleCustomerTest(AddCustomerTest.java:36)
	at java.util.ArrayList.forEach(ArrayList.java:1259)
... Removed 28 stack frames</div></td></tr></table><p class="totop"><a href="#summary">back to summary</a></p>
<h3 id="m7">com.personal.testcases.AddCustomerTest#addMultipleCustomerTest</h3><table class="result"><tr class="param"><th>Parameter #1</th><th>Parameter #2</th><th>Parameter #3</th></tr><tr class="param stripe"><td>No</td><td>Cust</td><td>1332</td></tr><tr><th colspan="3">Exception</th></tr><tr><td colspan="3"><div class="stacktrace">java.lang.AssertionError: locator(lastNameLocator) [ By.cssSelector: input[placeholder=&apos;Last Name&apos;]111111 ] can&apos;t filled with value &apos;null&apos; as locator is NOT present on page.
 
 Error msg is :-   org.openqa.selenium.InvalidSelectorException: Given css selector expression &quot;input[placeholder=&apos;Last Name&apos;]111111&quot; is invalid: InvalidSelectorError: Document.querySelector: &apos;input[placeholder=&apos;Last Name&apos;]111111&apos; is not a valid selector: &quot;input[placeholder=&apos;Last Name&apos;]111111&quot;
For documentation on this error, please visit: http://seleniumhq.org/exceptions/invalid_selector_exception.html
Build info: version: &apos;3.14.0&apos;, revision: &apos;aacccce0&apos;, time: &apos;2018-08-02T20:19:58.91Z&apos;
System info: host: &apos;DESKTOP-IC0JENF&apos;, ip: &apos;172.16.18.8&apos;, os.name: &apos;Windows 10&apos;, os.arch: &apos;amd64&apos;, os.version: &apos;10.0&apos;, java.version: &apos;1.8.0_271&apos;
Driver info: org.openqa.selenium.firefox.FirefoxDriver
Capabilities {acceptInsecureCerts: true, browserName: firefox, browserVersion: 89.0, javascriptEnabled: true, moz:accessibilityChecks: false, moz:buildID: 20210527174632, moz:geckodriverVersion: 0.29.1, moz:headless: false, moz:processID: 11056, moz:profile: C:\Users\Nishant Guleri\App..., moz:shutdownTimeout: 60000, moz:useNonSpecCompliantPointerOrigin: false, moz:webdriverClick: true, pageLoadStrategy: normal, platform: WINDOWS, platformName: WINDOWS, platformVersion: 10.0, setWindowRect: true, strictFileInteractability: false, timeouts: {implicit: 0, pageLoad: 300000, script: 30000}, unhandledPromptBehavior: dismiss and notify}
Session ID: 2836c4a7-64dd-402a-9a3e-d3ad040dbfc5
*** Element info: {Using=css selector, value=input[placeholder=&apos;Last Name&apos;]111111}
	at com.personal.base.subClass.failmsg(subClass.java:246)
	at com.personal.base.subClass.locator(subClass.java:58)
	at com.personal.base.BaseClass.type(BaseClass.java:145)
	at com.personal.pages.BankManagerPage.setLastName(BankManagerPage.java:45)
	at com.personal.pages.BankManagerPage.addCustomer(BankManagerPage.java:28)
	at com.personal.testcases.AddCustomerTest.addMultipleCustomerTest(AddCustomerTest.java:36)
	at java.util.ArrayList.forEach(ArrayList.java:1259)
... Removed 28 stack frames</div></td></tr></table><p class="totop"><a href="#summary">back to summary</a></p>
<h3 id="m8">com.personal.testcases.AddCustomerTest#loginAsmanagerTest</h3><table class="result"><tr><th class="invisible"/></tr></table><p class="totop"><a href="#summary">back to summary</a></p>
</body>
</html>
