2021-Jun-13 10:40:10 AM [main] INFO  com.personal.base.BaseClass - FIREFOX browser opened 'http://www.way2automation.com/angularjs-protractor/banking/#/login' website successfully
2021-Jun-13 10:40:10 AM [main] DEBUG com.personal.base.BaseClass - Implicit wait set to - 4seconds   &  pageload timeout set to - 8seconds
2021-Jun-13 10:40:10 AM [main] DEBUG com.personal.base.BaseClass - window maximized
2021-Jun-13 10:40:10 AM [main] INFO  com.personal.base.BaseClass -  
 
 
 << EXECUTION OF loginAsmanagerTest HAS BEGUN >> 
2021-Jun-13 10:40:10 AM [main] INFO  com.personal.base.BaseClass - description of testcase:- BANK MANAGER LOGIN - login as bank manager and checking availability of ADD CUSTOMER TAB on screen
2021-Jun-13 10:40:10 AM [main] ERROR com.personal.base.BaseClass - VERIFY :- 'Protractor practice website - Banking App' is INCORRECT TITLE. Actual Title is :- 
2021-Jun-13 10:40:11 AM [main] DEBUG com.personal.base.BaseClass - elementToBeClickable timeout for locator(bankManagerLoginbtnLocator) set to 5 seconds. locator(bankManagerLoginbtnLocator) clicked successfully
2021-Jun-13 10:40:11 AM [main] DEBUG com.personal.base.BaseClass - locator(AddCustomerTabLocator) clicked successfully
2021-Jun-13 10:40:11 AM [main] INFO  com.personal.base.BaseClass - loginAsmanagerTest HAS PASSED
2021-Jun-13 10:40:12 AM [main] INFO  com.personal.base.BaseClass -  
 
 
 << EXECUTION OF addMultipleCustomerTest HAS BEGUN >> 
2021-Jun-13 10:40:12 AM [main] INFO  com.personal.base.BaseClass - description of testcase:- BANK MANAGER LOGIN > ADD CUSTOMER TAB - adding multiple customers
2021-Jun-13 10:40:12 AM [main] DEBUG com.personal.base.BaseClass - elementToBeClickable timeout for locator(firstNameLocator) set to 4 seconds. locator(firstNameLocator) filled with value 'Shiv' successfully
2021-Jun-13 10:40:12 AM [main] ERROR com.personal.base.BaseClass - locator(lastNameLocator)  [ By.cssSelector: input[placeholder='Last Name']111111111 ]can't filled with value 'null' as locator is NOT present on page.
 
 Error msg is :-   org.openqa.selenium.InvalidSelectorException: Given css selector expression "input[placeholder='Last Name']111111111" is invalid: InvalidSelectorError: Document.querySelector: 'input[placeholder='Last Name']111111111' is not a valid selector: "input[placeholder='Last Name']111111111"
For documentation on this error, please visit: http://seleniumhq.org/exceptions/invalid_selector_exception.html
Build info: version: '3.14.0', revision: 'aacccce0', time: '2018-08-02T20:19:58.91Z'
System info: host: 'DESKTOP-IC0JENF', ip: '172.16.18.8', os.name: 'Windows 10', os.arch: 'amd64', os.version: '10.0', java.version: '1.8.0_271'
Driver info: org.openqa.selenium.firefox.FirefoxDriver
Capabilities {acceptInsecureCerts: true, browserName: firefox, browserVersion: 89.0, javascriptEnabled: true, moz:accessibilityChecks: false, moz:buildID: 20210527174632, moz:geckodriverVersion: 0.29.1, moz:headless: false, moz:processID: 7448, moz:profile: C:\Users\Nishant Guleri\App..., moz:shutdownTimeout: 60000, moz:useNonSpecCompliantPointerOrigin: false, moz:webdriverClick: true, pageLoadStrategy: normal, platform: WINDOWS, platformName: WINDOWS, platformVersion: 10.0, setWindowRect: true, strictFileInteractability: false, timeouts: {implicit: 0, pageLoad: 300000, script: 30000}, unhandledPromptBehavior: dismiss and notify}
Session ID: 95311f11-535f-4fb9-af11-00246750e592
*** Element info: {Using=css selector, value=input[placeholder='Last Name']111111111}
2021-Jun-13 10:40:12 AM [main] ERROR com.personal.base.BaseClass - addMultipleCustomerTest HAS FAILED 
2021-Jun-13 10:40:12 AM [main] DEBUG com.personal.base.BaseClass - Screenshot(13_June_10_AM_40_12_578ADDMULTIPLECUSTOMERTEST.png) of addMultipleCustomerTest method taken successfully
2021-Jun-13 10:40:12 AM [main] DEBUG com.personal.base.BaseClass - Screenshot of addMultipleCustomerTest method successfully attached to report 
2021-Jun-13 10:40:12 AM [main] INFO  com.personal.base.BaseClass -  
 
 
 << EXECUTION OF addMultipleCustomerTest HAS BEGUN >> 
2021-Jun-13 10:40:12 AM [main] INFO  com.personal.base.BaseClass - description of testcase:- BANK MANAGER LOGIN > ADD CUSTOMER TAB - adding multiple customers
2021-Jun-13 10:40:12 AM [main] DEBUG com.personal.base.BaseClass - elementToBeClickable timeout for locator(firstNameLocator) set to 4 seconds. locator(firstNameLocator) filled with value 'Sahil' successfully
2021-Jun-13 10:40:12 AM [main] ERROR com.personal.base.BaseClass - locator(lastNameLocator)  [ By.cssSelector: input[placeholder='Last Name']111111111 ]can't filled with value 'null' as locator is NOT present on page.
 
 Error msg is :-   org.openqa.selenium.InvalidSelectorException: Given css selector expression "input[placeholder='Last Name']111111111" is invalid: InvalidSelectorError: Document.querySelector: 'input[placeholder='Last Name']111111111' is not a valid selector: "input[placeholder='Last Name']111111111"
For documentation on this error, please visit: http://seleniumhq.org/exceptions/invalid_selector_exception.html
Build info: version: '3.14.0', revision: 'aacccce0', time: '2018-08-02T20:19:58.91Z'
System info: host: 'DESKTOP-IC0JENF', ip: '172.16.18.8', os.name: 'Windows 10', os.arch: 'amd64', os.version: '10.0', java.version: '1.8.0_271'
Driver info: org.openqa.selenium.firefox.FirefoxDriver
Capabilities {acceptInsecureCerts: true, browserName: firefox, browserVersion: 89.0, javascriptEnabled: true, moz:accessibilityChecks: false, moz:buildID: 20210527174632, moz:geckodriverVersion: 0.29.1, moz:headless: false, moz:processID: 7448, moz:profile: C:\Users\Nishant Guleri\App..., moz:shutdownTimeout: 60000, moz:useNonSpecCompliantPointerOrigin: false, moz:webdriverClick: true, pageLoadStrategy: normal, platform: WINDOWS, platformName: WINDOWS, platformVersion: 10.0, setWindowRect: true, strictFileInteractability: false, timeouts: {implicit: 0, pageLoad: 300000, script: 30000}, unhandledPromptBehavior: dismiss and notify}
Session ID: 95311f11-535f-4fb9-af11-00246750e592
*** Element info: {Using=css selector, value=input[placeholder='Last Name']111111111}
2021-Jun-13 10:40:12 AM [main] ERROR com.personal.base.BaseClass - addMultipleCustomerTest HAS FAILED 
2021-Jun-13 10:40:12 AM [main] DEBUG com.personal.base.BaseClass - Screenshot(13_June_10_AM_40_12_743ADDMULTIPLECUSTOMERTEST.png) of addMultipleCustomerTest method taken successfully
2021-Jun-13 10:40:12 AM [main] DEBUG com.personal.base.BaseClass - Screenshot of addMultipleCustomerTest method successfully attached to report 
2021-Jun-13 10:40:12 AM [main] INFO  com.personal.base.BaseClass -  
 
 
 << EXECUTION OF addMultipleCustomerTest HAS BEGUN >> 
2021-Jun-13 10:40:12 AM [main] INFO  com.personal.base.BaseClass - description of testcase:- BANK MANAGER LOGIN > ADD CUSTOMER TAB - adding multiple customers
2021-Jun-13 10:40:12 AM [main] DEBUG com.personal.base.BaseClass - elementToBeClickable timeout for locator(firstNameLocator) set to 4 seconds. locator(firstNameLocator) filled with value 'No' successfully
2021-Jun-13 10:40:12 AM [main] ERROR com.personal.base.BaseClass - locator(lastNameLocator)  [ By.cssSelector: input[placeholder='Last Name']111111111 ]can't filled with value 'null' as locator is NOT present on page.
 
 Error msg is :-   org.openqa.selenium.InvalidSelectorException: Given css selector expression "input[placeholder='Last Name']111111111" is invalid: InvalidSelectorError: Document.querySelector: 'input[placeholder='Last Name']111111111' is not a valid selector: "input[placeholder='Last Name']111111111"
For documentation on this error, please visit: http://seleniumhq.org/exceptions/invalid_selector_exception.html
Build info: version: '3.14.0', revision: 'aacccce0', time: '2018-08-02T20:19:58.91Z'
System info: host: 'DESKTOP-IC0JENF', ip: '172.16.18.8', os.name: 'Windows 10', os.arch: 'amd64', os.version: '10.0', java.version: '1.8.0_271'
Driver info: org.openqa.selenium.firefox.FirefoxDriver
Capabilities {acceptInsecureCerts: true, browserName: firefox, browserVersion: 89.0, javascriptEnabled: true, moz:accessibilityChecks: false, moz:buildID: 20210527174632, moz:geckodriverVersion: 0.29.1, moz:headless: false, moz:processID: 7448, moz:profile: C:\Users\Nishant Guleri\App..., moz:shutdownTimeout: 60000, moz:useNonSpecCompliantPointerOrigin: false, moz:webdriverClick: true, pageLoadStrategy: normal, platform: WINDOWS, platformName: WINDOWS, platformVersion: 10.0, setWindowRect: true, strictFileInteractability: false, timeouts: {implicit: 0, pageLoad: 300000, script: 30000}, unhandledPromptBehavior: dismiss and notify}
Session ID: 95311f11-535f-4fb9-af11-00246750e592
*** Element info: {Using=css selector, value=input[placeholder='Last Name']111111111}
2021-Jun-13 10:40:12 AM [main] ERROR com.personal.base.BaseClass - addMultipleCustomerTest HAS FAILED 
2021-Jun-13 10:40:12 AM [main] DEBUG com.personal.base.BaseClass - Screenshot(13_June_10_AM_40_12_902ADDMULTIPLECUSTOMERTEST.png) of addMultipleCustomerTest method taken successfully
2021-Jun-13 10:40:12 AM [main] DEBUG com.personal.base.BaseClass - Screenshot of addMultipleCustomerTest method successfully attached to report 
2021-Jun-13 10:40:12 AM [main] INFO  com.personal.base.BaseClass -  
 
 
 << EXECUTION OF openAccountMethod HAS BEGUN >> 
2021-Jun-13 10:40:12 AM [main] INFO  com.personal.base.BaseClass - description of testcase:- BANK MANAGER LOGIN > OPEN CUSTOMER TAB - opening multiple customers account
2021-Jun-13 10:40:12 AM [main] ERROR com.personal.base.BaseClass - openAccountMethod HAS SKIPPED BECAUSE IT'S DEPENDENCY '[openAccountMethodPrerequisites]' HAS FAILED
2021-Jun-13 10:40:12 AM [main] ERROR com.personal.base.BaseClass - openAccountMethod HAS SKIPPED BECAUSE IT'S DEPENDENCY '[openAccountMethodPrerequisites]' HAS FAILED
2021-Jun-13 10:40:12 AM [main] INFO  com.personal.base.BaseClass -  
 
 
 << EXECUTION OF customerLoginMethod HAS BEGUN >> 
2021-Jun-13 10:40:12 AM [main] INFO  com.personal.base.BaseClass - description of testcase:- CUSTOMER LOGIN - login as customer
2021-Jun-13 10:40:12 AM [main] ERROR com.personal.base.BaseClass - customerLoginMethod HAS SKIPPED BECAUSE IT'S DEPENDENCY '[CustomerLoginMethodPrerequisites]' HAS FAILED
2021-Jun-13 10:40:13 AM [main] INFO  com.personal.base.BaseClass - FIREFOX BROWSER CLOSED
2021-Jun-13 10:40:13 AM [main] DEBUG com.personal.base.BaseClass -  
 
 ------------------------------------------------------------------------------------------------- 
 

