2021-Jun-13 11:15:16 AM [main] INFO  com.personal.base.BaseClass - FIREFOX browser opened 'http://www.way2automation.com/angularjs-protractor/banking/#/login' website successfully
2021-Jun-13 11:15:17 AM [main] DEBUG com.personal.base.BaseClass - Implicit wait set to - 4seconds   &  pageload timeout set to - 8seconds
2021-Jun-13 11:15:17 AM [main] DEBUG com.personal.base.BaseClass - window maximized
2021-Jun-13 11:15:17 AM [main] INFO  com.personal.base.BaseClass -  
 
 
 << EXECUTION OF loginAsmanagerTest HAS BEGUN >> 
2021-Jun-13 11:15:17 AM [main] INFO  com.personal.base.BaseClass - description of testcase:- BANK MANAGER LOGIN - login as bank manager and checking availability of ADD CUSTOMER TAB on screen
2021-Jun-13 11:15:17 AM [main] ERROR com.personal.base.BaseClass - VERIFY :- 'Protractor practice website - Banking App' is INCORRECT TITLE. Actual Title is :- 
2021-Jun-13 11:15:18 AM [main] DEBUG com.personal.base.BaseClass - elementToBeClickable timeout for locator(bankManagerLoginbtnLocator) set to 5 seconds. locator(bankManagerLoginbtnLocator) clicked successfully
2021-Jun-13 11:15:18 AM [main] DEBUG com.personal.base.BaseClass - locator(AddCustomerTabLocator) clicked successfully
2021-Jun-13 11:15:18 AM [main] INFO  com.personal.base.BaseClass - loginAsmanagerTest HAS PASSED
2021-Jun-13 11:15:19 AM [main] INFO  com.personal.base.BaseClass -  
 
 
 << EXECUTION OF addMultipleCustomerTest HAS BEGUN >> 
2021-Jun-13 11:15:19 AM [main] INFO  com.personal.base.BaseClass - description of testcase:- BANK MANAGER LOGIN > ADD CUSTOMER TAB - adding multiple customers
2021-Jun-13 11:15:19 AM [main] DEBUG com.personal.base.BaseClass - elementToBeClickable timeout for locator(firstNameLocator) set to 4 seconds. locator(firstNameLocator) filled with value 'Shiv' successfully
2021-Jun-13 11:15:35 AM [main] ERROR com.personal.base.BaseClass -  Action(accept) can't be successfully taken on Alert, as Alert is either NOT present on page or (4 second) waitperiod of conditon(alertIsPresent) timed out 
 
 
 Error msg is :-   Expected condition failed: waiting for alert to be present (tried for 4 second(s) with 500 milliseconds interval)
Build info: version: '3.14.0', revision: 'aacccce0', time: '2018-08-02T20:19:58.91Z'
System info: host: 'DESKTOP-IC0JENF', ip: '172.16.18.8', os.name: 'Windows 10', os.arch: 'amd64', os.version: '10.0', java.version: '1.8.0_271'
Driver info: org.openqa.selenium.firefox.FirefoxDriver
Capabilities {acceptInsecureCerts: true, browserName: firefox, browserVersion: 89.0, javascriptEnabled: true, moz:accessibilityChecks: false, moz:buildID: 20210527174632, moz:geckodriverVersion: 0.29.1, moz:headless: false, moz:processID: 11352, moz:profile: C:\Users\Nishant Guleri\App..., moz:shutdownTimeout: 60000, moz:useNonSpecCompliantPointerOrigin: false, moz:webdriverClick: true, pageLoadStrategy: normal, platform: WINDOWS, platformName: WINDOWS, platformVersion: 10.0, setWindowRect: true, strictFileInteractability: false, timeouts: {implicit: 0, pageLoad: 300000, script: 30000}, unhandledPromptBehavior: dismiss and notify}
Session ID: edc0699e-800a-4150-a9de-90d1b545b00b
2021-Jun-13 11:15:39 AM [main] ERROR com.personal.base.BaseClass - addMultipleCustomerTest HAS FAILED 
2021-Jun-13 11:15:39 AM [main] DEBUG com.personal.base.BaseClass - Screenshot(13_June_11_AM_15_39_532ADDMULTIPLECUSTOMERTEST.png) of addMultipleCustomerTest method taken successfully
2021-Jun-13 11:15:39 AM [main] DEBUG com.personal.base.BaseClass - Screenshot of addMultipleCustomerTest method successfully attached to report 
2021-Jun-13 11:15:39 AM [main] INFO  com.personal.base.BaseClass -  
 
 
 << EXECUTION OF addMultipleCustomerTest HAS BEGUN >> 
2021-Jun-13 11:15:39 AM [main] INFO  com.personal.base.BaseClass - description of testcase:- BANK MANAGER LOGIN > ADD CUSTOMER TAB - adding multiple customers
2021-Jun-13 11:15:39 AM [main] DEBUG com.personal.base.BaseClass - elementToBeClickable timeout for locator(firstNameLocator) set to 4 seconds. locator(firstNameLocator) filled with value 'Sahil' successfully
2021-Jun-13 11:15:44 AM [main] ERROR com.personal.base.BaseClass -  Action(accept) can't be successfully taken on Alert, as Alert is either NOT present on page or (4 second) waitperiod of conditon(alertIsPresent) timed out 
 
 
 Error msg is :-   Expected condition failed: waiting for alert to be present (tried for 4 second(s) with 500 milliseconds interval)
Build info: version: '3.14.0', revision: 'aacccce0', time: '2018-08-02T20:19:58.91Z'
System info: host: 'DESKTOP-IC0JENF', ip: '172.16.18.8', os.name: 'Windows 10', os.arch: 'amd64', os.version: '10.0', java.version: '1.8.0_271'
Driver info: org.openqa.selenium.firefox.FirefoxDriver
Capabilities {acceptInsecureCerts: true, browserName: firefox, browserVersion: 89.0, javascriptEnabled: true, moz:accessibilityChecks: false, moz:buildID: 20210527174632, moz:geckodriverVersion: 0.29.1, moz:headless: false, moz:processID: 11352, moz:profile: C:\Users\Nishant Guleri\App..., moz:shutdownTimeout: 60000, moz:useNonSpecCompliantPointerOrigin: false, moz:webdriverClick: true, pageLoadStrategy: normal, platform: WINDOWS, platformName: WINDOWS, platformVersion: 10.0, setWindowRect: true, strictFileInteractability: false, timeouts: {implicit: 0, pageLoad: 300000, script: 30000}, unhandledPromptBehavior: dismiss and notify}
Session ID: edc0699e-800a-4150-a9de-90d1b545b00b
2021-Jun-13 11:15:44 AM [main] ERROR com.personal.base.BaseClass - addMultipleCustomerTest HAS FAILED 
2021-Jun-13 11:15:44 AM [main] DEBUG com.personal.base.BaseClass - Screenshot(13_June_11_AM_15_44_570ADDMULTIPLECUSTOMERTEST.png) of addMultipleCustomerTest method taken successfully
2021-Jun-13 11:15:44 AM [main] DEBUG com.personal.base.BaseClass - Screenshot of addMultipleCustomerTest method successfully attached to report 
2021-Jun-13 11:15:44 AM [main] INFO  com.personal.base.BaseClass -  
 
 
 << EXECUTION OF addMultipleCustomerTest HAS BEGUN >> 
2021-Jun-13 11:15:44 AM [main] INFO  com.personal.base.BaseClass - description of testcase:- BANK MANAGER LOGIN > ADD CUSTOMER TAB - adding multiple customers
2021-Jun-13 11:15:44 AM [main] DEBUG com.personal.base.BaseClass - elementToBeClickable timeout for locator(firstNameLocator) set to 4 seconds. locator(firstNameLocator) filled with value 'No' successfully
2021-Jun-13 11:15:50 AM [main] ERROR com.personal.base.BaseClass -  Action(accept) can't be successfully taken on Alert, as Alert is either NOT present on page or (4 second) waitperiod of conditon(alertIsPresent) timed out 
 
 
 Error msg is :-   Expected condition failed: waiting for alert to be present (tried for 4 second(s) with 500 milliseconds interval)
Build info: version: '3.14.0', revision: 'aacccce0', time: '2018-08-02T20:19:58.91Z'
System info: host: 'DESKTOP-IC0JENF', ip: '172.16.18.8', os.name: 'Windows 10', os.arch: 'amd64', os.version: '10.0', java.version: '1.8.0_271'
Driver info: org.openqa.selenium.firefox.FirefoxDriver
Capabilities {acceptInsecureCerts: true, browserName: firefox, browserVersion: 89.0, javascriptEnabled: true, moz:accessibilityChecks: false, moz:buildID: 20210527174632, moz:geckodriverVersion: 0.29.1, moz:headless: false, moz:processID: 11352, moz:profile: C:\Users\Nishant Guleri\App..., moz:shutdownTimeout: 60000, moz:useNonSpecCompliantPointerOrigin: false, moz:webdriverClick: true, pageLoadStrategy: normal, platform: WINDOWS, platformName: WINDOWS, platformVersion: 10.0, setWindowRect: true, strictFileInteractability: false, timeouts: {implicit: 0, pageLoad: 300000, script: 30000}, unhandledPromptBehavior: dismiss and notify}
Session ID: edc0699e-800a-4150-a9de-90d1b545b00b
2021-Jun-13 11:15:50 AM [main] ERROR com.personal.base.BaseClass - addMultipleCustomerTest HAS FAILED 
2021-Jun-13 11:15:50 AM [main] DEBUG com.personal.base.BaseClass - Screenshot(13_June_11_AM_15_50_740ADDMULTIPLECUSTOMERTEST.png) of addMultipleCustomerTest method taken successfully
2021-Jun-13 11:15:50 AM [main] DEBUG com.personal.base.BaseClass - Screenshot of addMultipleCustomerTest method successfully attached to report 
2021-Jun-13 11:15:50 AM [main] INFO  com.personal.base.BaseClass -  
 
 
 << EXECUTION OF openAccountMethod HAS BEGUN >> 
2021-Jun-13 11:15:50 AM [main] INFO  com.personal.base.BaseClass - description of testcase:- BANK MANAGER LOGIN > OPEN CUSTOMER TAB - opening multiple customers account
2021-Jun-13 11:15:50 AM [main] ERROR com.personal.base.BaseClass - openAccountMethod HAS SKIPPED BECAUSE IT'S DEPENDENCY '[openAccountMethodPrerequisites]' HAS FAILED
2021-Jun-13 11:15:50 AM [main] ERROR com.personal.base.BaseClass - openAccountMethod HAS SKIPPED BECAUSE IT'S DEPENDENCY '[openAccountMethodPrerequisites]' HAS FAILED
2021-Jun-13 11:15:50 AM [main] INFO  com.personal.base.BaseClass -  
 
 
 << EXECUTION OF customerLoginMethod HAS BEGUN >> 
2021-Jun-13 11:15:50 AM [main] INFO  com.personal.base.BaseClass - description of testcase:- CUSTOMER LOGIN - login as customer
2021-Jun-13 11:15:50 AM [main] ERROR com.personal.base.BaseClass - customerLoginMethod HAS SKIPPED BECAUSE IT'S DEPENDENCY '[CustomerLoginMethodPrerequisites]' HAS FAILED
2021-Jun-13 11:15:51 AM [main] INFO  com.personal.base.BaseClass - FIREFOX BROWSER CLOSED
2021-Jun-13 11:15:51 AM [main] DEBUG com.personal.base.BaseClass -  
 
 ------------------------------------------------------------------------------------------------- 
 

