2021-Jun-14 12:31:03 PM [main] INFO  com.personal.base.BaseClass - FIREFOX browser opened 'http://www.way2automation.com/angularjs-protractor/banking/#/login' website successfully
2021-Jun-14 12:31:03 PM [main] DEBUG com.personal.base.BaseClass - Implicit wait set to - 4seconds   &  pageload timeout set to - 8seconds
2021-Jun-14 12:31:03 PM [main] DEBUG com.personal.base.BaseClass - window maximized
2021-Jun-14 12:31:03 PM [main] INFO  com.personal.base.BaseClass -  
 
 
 << EXECUTION OF loginAsmanagerTest HAS BEGUN >> 
2021-Jun-14 12:31:03 PM [main] INFO  com.personal.base.BaseClass - description of testcase:- BANK MANAGER LOGIN - login as bank manager and checking availability of ADD CUSTOMER TAB on screen
2021-Jun-14 12:31:03 PM [main] DEBUG com.personal.base.BaseClass - elementToBeClickable timeout for locator(bankManagerLoginbtnLocator) set to 5 seconds. locator(bankManagerLoginbtnLocator) clicked successfully
2021-Jun-14 12:31:03 PM [main] DEBUG com.personal.base.BaseClass - elementToBeClickable timeout for locator(AddCustomerTabLocator) set to 4 seconds. locator(AddCustomerTabLocator) clicked successfully
2021-Jun-14 12:31:03 PM [main] INFO  com.personal.base.BaseClass - ASSERT :- 'Protractor practice website - Banking App' is correct title
2021-Jun-14 12:31:03 PM [main] INFO  com.personal.base.BaseClass - loginAsmanagerTest HAS PASSED
2021-Jun-14 12:31:04 PM [main] INFO  com.personal.base.BaseClass -  
 
 
 << EXECUTION OF addMultipleCustomerTest HAS BEGUN >> 
2021-Jun-14 12:31:04 PM [main] INFO  com.personal.base.BaseClass - description of testcase:- BANK MANAGER LOGIN > ADD CUSTOMER TAB - adding multiple customers
2021-Jun-14 12:31:04 PM [main] DEBUG com.personal.base.BaseClass - elementToBeClickable timeout for locator(firstNameLocator) set to 4 seconds. locator(firstNameLocator) filled with value 'Shiv' successfully
2021-Jun-14 12:31:04 PM [main] DEBUG com.personal.base.BaseClass - locator(lastNameLocator) filled with value 'Sahil' successfully
2021-Jun-14 12:31:04 PM [main] DEBUG com.personal.base.BaseClass - locator(pincodeLocator) filled with value '160014' successfully
2021-Jun-14 12:31:04 PM [main] DEBUG com.personal.base.BaseClass - locator(addCustomerBtnLocator) clicked successfully
2021-Jun-14 12:31:05 PM [main] DEBUG com.personal.base.BaseClass - alertIsPresent timeout for Alert set to 4 seconds. Action(accept) taken on Alert Successfully
2021-Jun-14 12:31:05 PM [main] INFO  com.personal.base.BaseClass - addMultipleCustomerTest HAS PASSED
2021-Jun-14 12:31:05 PM [main] INFO  com.personal.base.BaseClass -  
 
 
 << EXECUTION OF addMultipleCustomerTest HAS BEGUN >> 
2021-Jun-14 12:31:05 PM [main] INFO  com.personal.base.BaseClass - description of testcase:- BANK MANAGER LOGIN > ADD CUSTOMER TAB - adding multiple customers
2021-Jun-14 12:31:05 PM [main] DEBUG com.personal.base.BaseClass - elementToBeClickable timeout for locator(firstNameLocator) set to 4 seconds. locator(firstNameLocator) filled with value 'Sahil' successfully
2021-Jun-14 12:31:05 PM [main] DEBUG com.personal.base.BaseClass - locator(lastNameLocator) filled with value 'Guleri' successfully
2021-Jun-14 12:31:05 PM [main] DEBUG com.personal.base.BaseClass - locator(pincodeLocator) filled with value '3967' successfully
2021-Jun-14 12:31:05 PM [main] DEBUG com.personal.base.BaseClass - locator(addCustomerBtnLocator) clicked successfully
2021-Jun-14 12:31:05 PM [main] DEBUG com.personal.base.BaseClass - alertIsPresent timeout for Alert set to 4 seconds. Action(accept) taken on Alert Successfully
2021-Jun-14 12:31:05 PM [main] INFO  com.personal.base.BaseClass - addMultipleCustomerTest HAS PASSED
2021-Jun-14 12:31:05 PM [main] INFO  com.personal.base.BaseClass -  
 
 
 << EXECUTION OF addMultipleCustomerTest HAS BEGUN >> 
2021-Jun-14 12:31:05 PM [main] INFO  com.personal.base.BaseClass - description of testcase:- BANK MANAGER LOGIN > ADD CUSTOMER TAB - adding multiple customers
2021-Jun-14 12:31:05 PM [main] DEBUG com.personal.base.BaseClass - elementToBeClickable timeout for locator(firstNameLocator) set to 4 seconds. locator(firstNameLocator) filled with value 'No' successfully
2021-Jun-14 12:31:05 PM [main] DEBUG com.personal.base.BaseClass - locator(lastNameLocator) filled with value 'Cust' successfully
2021-Jun-14 12:31:05 PM [main] DEBUG com.personal.base.BaseClass - locator(pincodeLocator) filled with value '1332' successfully
2021-Jun-14 12:31:05 PM [main] DEBUG com.personal.base.BaseClass - locator(addCustomerBtnLocator) clicked successfully
2021-Jun-14 12:31:05 PM [main] DEBUG com.personal.base.BaseClass - alertIsPresent timeout for Alert set to 4 seconds. Action(accept) taken on Alert Successfully
2021-Jun-14 12:31:05 PM [main] INFO  com.personal.base.BaseClass - addMultipleCustomerTest HAS PASSED
2021-Jun-14 12:31:05 PM [main] INFO  com.personal.base.BaseClass -  
 
 
 << EXECUTION OF openAccountMethod HAS BEGUN >> 
2021-Jun-14 12:31:05 PM [main] INFO  com.personal.base.BaseClass - description of testcase:- BANK MANAGER LOGIN > OPEN CUSTOMER TAB - opening multiple customers account
2021-Jun-14 12:31:05 PM [main] DEBUG com.personal.base.BaseClass - visibilityOfElementLocated timeout for locator(openAccountTabLocator) set to 5 seconds. locator(openAccountTabLocator) clicked successfully
2021-Jun-14 12:31:06 PM [main] DEBUG com.personal.base.BaseClass - option(Sahil Guleri) selected successfully on dropdown(customerDropDownLocator)
2021-Jun-14 12:31:12 PM [main] ERROR com.personal.base.BaseClass -  Action(accept) can't be successfully taken on Alert, as Alert is either NOT present on page or (6 second) waitperiod of conditon(alertIsPresent) timed out 
 
 
 Error msg is :-   Expected condition failed: waiting for alert to be present (tried for 6 second(s) with 500 milliseconds interval)
Build info: version: '3.14.0', revision: 'aacccce0', time: '2018-08-02T20:19:58.91Z'
System info: host: 'DESKTOP-IC0JENF', ip: '172.16.18.8', os.name: 'Windows 10', os.arch: 'amd64', os.version: '10.0', java.version: '1.8.0_271'
Driver info: org.openqa.selenium.firefox.FirefoxDriver
Capabilities {acceptInsecureCerts: true, browserName: firefox, browserVersion: 89.0, javascriptEnabled: true, moz:accessibilityChecks: false, moz:buildID: 20210527174632, moz:geckodriverVersion: 0.29.1, moz:headless: false, moz:processID: 10244, moz:profile: C:\Users\Nishant Guleri\App..., moz:shutdownTimeout: 60000, moz:useNonSpecCompliantPointerOrigin: false, moz:webdriverClick: true, pageLoadStrategy: normal, platform: WINDOWS, platformName: WINDOWS, platformVersion: 10.0, setWindowRect: true, strictFileInteractability: false, timeouts: {implicit: 0, pageLoad: 300000, script: 30000}, unhandledPromptBehavior: dismiss and notify}
Session ID: d76d0080-5435-4821-bf5f-7701aa6c8262
2021-Jun-14 12:31:12 PM [main] ERROR com.personal.base.BaseClass - openAccountMethod HAS FAILED 
2021-Jun-14 12:31:12 PM [main] DEBUG com.personal.base.BaseClass - Screenshot(14_June_12_PM_31_12_461OPENACCOUNTMETHOD.png) of openAccountMethod method taken successfully
2021-Jun-14 12:31:12 PM [main] DEBUG com.personal.base.BaseClass - Screenshot of openAccountMethod method successfully attached to report 
2021-Jun-14 12:31:12 PM [main] INFO  com.personal.base.BaseClass -  
 
 
 << EXECUTION OF openAccountMethod HAS BEGUN >> 
2021-Jun-14 12:31:12 PM [main] INFO  com.personal.base.BaseClass - description of testcase:- BANK MANAGER LOGIN > OPEN CUSTOMER TAB - opening multiple customers account
2021-Jun-14 12:31:12 PM [main] DEBUG com.personal.base.BaseClass - visibilityOfElementLocated timeout for locator(openAccountTabLocator) set to 5 seconds. locator(openAccountTabLocator) clicked successfully
2021-Jun-14 12:31:13 PM [main] DEBUG com.personal.base.BaseClass - option(Shiv Sahil) selected successfully on dropdown(customerDropDownLocator)
2021-Jun-14 12:31:19 PM [main] ERROR com.personal.base.BaseClass -  Action(accept) can't be successfully taken on Alert, as Alert is either NOT present on page or (6 second) waitperiod of conditon(alertIsPresent) timed out 
 
 
 Error msg is :-   Expected condition failed: waiting for alert to be present (tried for 6 second(s) with 500 milliseconds interval)
Build info: version: '3.14.0', revision: 'aacccce0', time: '2018-08-02T20:19:58.91Z'
System info: host: 'DESKTOP-IC0JENF', ip: '172.16.18.8', os.name: 'Windows 10', os.arch: 'amd64', os.version: '10.0', java.version: '1.8.0_271'
Driver info: org.openqa.selenium.firefox.FirefoxDriver
Capabilities {acceptInsecureCerts: true, browserName: firefox, browserVersion: 89.0, javascriptEnabled: true, moz:accessibilityChecks: false, moz:buildID: 20210527174632, moz:geckodriverVersion: 0.29.1, moz:headless: false, moz:processID: 10244, moz:profile: C:\Users\Nishant Guleri\App..., moz:shutdownTimeout: 60000, moz:useNonSpecCompliantPointerOrigin: false, moz:webdriverClick: true, pageLoadStrategy: normal, platform: WINDOWS, platformName: WINDOWS, platformVersion: 10.0, setWindowRect: true, strictFileInteractability: false, timeouts: {implicit: 0, pageLoad: 300000, script: 30000}, unhandledPromptBehavior: dismiss and notify}
Session ID: d76d0080-5435-4821-bf5f-7701aa6c8262
2021-Jun-14 12:31:19 PM [main] ERROR com.personal.base.BaseClass - openAccountMethod HAS FAILED 
2021-Jun-14 12:31:19 PM [main] DEBUG com.personal.base.BaseClass - Screenshot(14_June_12_PM_31_19_465OPENACCOUNTMETHOD.png) of openAccountMethod method taken successfully
2021-Jun-14 12:31:19 PM [main] DEBUG com.personal.base.BaseClass - Screenshot of openAccountMethod method successfully attached to report 
2021-Jun-14 12:31:19 PM [main] INFO  com.personal.base.BaseClass -  
 
 
 << EXECUTION OF customerLoginMethod HAS BEGUN >> 
2021-Jun-14 12:31:19 PM [main] INFO  com.personal.base.BaseClass - description of testcase:- CUSTOMER LOGIN - login as customer
2021-Jun-14 12:31:19 PM [main] ERROR com.personal.base.BaseClass - customerLoginMethod HAS SKIPPED BECAUSE IT'S DEPENDENCY '[CustomerLoginMethodPrerequisites]' HAS FAILED
2021-Jun-14 12:31:19 PM [main] ERROR com.personal.base.BaseClass - customerLoginMethod HAS SKIPPED BECAUSE IT'S DEPENDENCY '[CustomerLoginMethodPrerequisites]' HAS FAILED
2021-Jun-14 12:31:20 PM [main] INFO  com.personal.base.BaseClass - FIREFOX BROWSER CLOSED
2021-Jun-14 12:31:20 PM [main] DEBUG com.personal.base.BaseClass -  
 
 ------------------------------------------------------------------------------------------------- 
 

